<?xml version="1.0" encoding="UTF-8"?>
<!-- Generated by org.testng.reporters.JUnitReportReporter -->
<testsuite skipped="0" hostname="DESKTOP-76DA2FL" name="testcases.EditLead" tests="1" failures="0" timestamp="2022-05-10T16:21:52 IST" time="19.818" errors="0">
  <testcase name="executeEditLead" time="19.818" classname="testcases.EditLead"/>
  <system-out/>
</testsuite> <!-- testcases.EditLead -->
