<?xml version="1.0" encoding="UTF-8"?>
<!-- Generated by org.testng.reporters.JUnitReportReporter -->
<testsuite skipped="0" hostname="DESKTOP-76DA2FL" name="testcases.CreateLead" tests="1" failures="0" timestamp="2022-05-10T16:21:52 IST" time="11.909" errors="0">
  <testcase name="executeCreateLead" time="11.909" classname="testcases.CreateLead"/>
  <system-out/>
</testsuite> <!-- testcases.CreateLead -->
