<?xml version="1.0" encoding="UTF-8"?>
<!-- Generated by org.testng.reporters.JUnitReportReporter -->
<testsuite skipped="0" hostname="DESKTOP-76DA2FL" name="testcases.DuplicateLead" tests="1" failures="0" timestamp="2022-05-10T16:29:30 IST" time="20.019" errors="0">
  <testcase name="executeDuplicateLead" time="20.019" classname="testcases.DuplicateLead"/>
  <system-out/>
</testsuite> <!-- testcases.DuplicateLead -->
