<?xml version="1.0" encoding="UTF-8"?>
<!-- Generated by org.testng.reporters.JUnitReportReporter -->
<testsuite skipped="0" hostname="DESKTOP-76DA2FL" name="runner.CucumberRunner" tests="3" failures="0" timestamp="2022-05-07T16:00:06 IST" time="15.234" errors="0">
  <testcase name="runScenario" time="9.542" classname="runner.CucumberRunner"/>
  <system-out/>
  <testcase name="runScenario" time="3.706" classname="runner.CucumberRunner"/>
  <system-out/>
  <testcase name="runScenario" time="1.986" classname="runner.CucumberRunner"/>
  <system-out/>
</testsuite> <!-- runner.CucumberRunner -->
